<?xml version="1.0" encoding="UTF-8"?>
<!-- Generated by org.testng.reporters.JUnitReportReporter -->
<testsuite skipped="0" hostname="DELL-LQP79EOJSP" name="qaclickacademy.RestApItest" tests="2" failures="0" timestamp="2019-11-20T10:56:25 CST" time="0.000" errors="0">
  <testcase name="deleteutil" time="0.000" classname="qaclickacademy.RestApItest"/>
  <testcase name="postjira" time="0.000" classname="qaclickacademy.RestApItest"/>
</testsuite> <!-- qaclickacademy.RestApItest -->
