<?xml version="1.0" encoding="UTF-8"?>
<!-- Generated by org.testng.reporters.JUnitReportReporter -->
<testsuite skipped="0" hostname="DELL-LQP79EOJSP" name="qaclickacademy.SeleniumTest" tests="1" failures="0" timestamp="2019-11-20T10:55:27 CST" time="0.016" errors="0">
  <testcase name="BrowserAutomation" time="0.016" classname="qaclickacademy.SeleniumTest"/>
</testsuite> <!-- qaclickacademy.SeleniumTest -->
