<?xml version="1.0" encoding="UTF-8"?>
<!-- Generated by org.testng.reporters.JUnitReportReporter -->
<testsuite skipped="0" hostname="DELL-LQP79EOJSP" name="qaclickacademy.AppiumTest" tests="2" failures="0" timestamp="2019-11-21T11:02:41 CST" time="0.010" errors="0">
  <testcase name="addutil" time="0.009" classname="qaclickacademy.AppiumTest"/>
  <testcase name="mobileapp" time="0.001" classname="qaclickacademy.AppiumTest"/>
</testsuite> <!-- qaclickacademy.AppiumTest -->
