<?xml version="1.0" encoding="UTF-8"?>
<!-- Generated by org.testng.reporters.JUnitReportReporter -->
<testsuite skipped="0" hostname="DELL-LQP79EOJSP" name="qaclickacademy.SeleniumTest" tests="2" failures="0" timestamp="2019-11-20T13:39:21 CST" time="0.006" errors="0">
  <testcase name="BrowserAutomation" time="0.006" classname="qaclickacademy.SeleniumTest"/>
  <testcase name="elementutil" time="0.000" classname="qaclickacademy.SeleniumTest"/>
</testsuite> <!-- qaclickacademy.SeleniumTest -->
